<?xml version="1.0" encoding="UTF-8"?>
<!-- Generated by org.testng.reporters.JUnitReportReporter -->
<testsuite skipped="0" hostname="David-Desktop" name="rima.tests.homepage.GoogleHomePageTests" tests="1" failures="0" timestamp="10 oct 2020 23:29:55 GMT" time="0.014" errors="0">
  <testcase name="homepageTests" time="0.014" classname="rima.tests.homepage.GoogleHomePageTests"/>
</testsuite> <!-- rima.tests.homepage.GoogleHomePageTests -->
