<?xml version="1.0" encoding="UTF-8"?>
<!-- Generated by org.testng.reporters.JUnitReportReporter -->
<testsuite skipped="0" hostname="David-Desktop" name="com.framework.tests.ProductOverviewTests" tests="1" failures="0" timestamp="11 oct 2020 23:36:05 GMT" time="10.511" errors="0">
  <testcase name="productOverviewTest" time="10.511" classname="com.framework.tests.ProductOverviewTests"/>
</testsuite> <!-- com.framework.tests.ProductOverviewTests -->
